PIF table: 

+---------+----------+
| TOKEN   |   ST_POS |
+=========+==========+
| id      |        0 |
+---------+----------+
| =       |       -1 |
+---------+----------+
| const   |        0 |
+---------+----------+
| ;       |       -1 |
+---------+----------+
| id      |        1 |
+---------+----------+
| =       |       -1 |
+---------+----------+
| const   |        0 |
+---------+----------+
| ;       |       -1 |
+---------+----------+
| id      |        2 |
+---------+----------+
| =       |       -1 |
+---------+----------+
| const   |        0 |
+---------+----------+
| ;       |       -1 |
+---------+----------+
| input   |       -1 |
+---------+----------+
| (       |       -1 |
+---------+----------+
| id      |        0 |
+---------+----------+
| )       |       -1 |
+---------+----------+
| ;       |       -1 |
+---------+----------+
| input   |       -1 |
+---------+----------+
| (       |       -1 |
+---------+----------+
| id      |        1 |
+---------+----------+
| )       |       -1 |
+---------+----------+
| ;       |       -1 |
+---------+----------+
| input   |       -1 |
+---------+----------+
| (       |       -1 |
+---------+----------+
| id      |        2 |
+---------+----------+
| )       |       -1 |
+---------+----------+
| ;       |       -1 |
+---------+----------+
| id      |        3 |
+---------+----------+
| =       |       -1 |
+---------+----------+
| const   |        0 |
+---------+----------+
| ;       |       -1 |
+---------+----------+
| if      |       -1 |
+---------+----------+
| (       |       -1 |
+---------+----------+
| id      |        0 |
+---------+----------+
| >       |       -1 |
+---------+----------+
| id      |        3 |
+---------+----------+
| )       |       -1 |
+---------+----------+
| {       |       -1 |
+---------+----------+
| id      |        3 |
+---------+----------+
| =       |       -1 |
+---------+----------+
| id      |        0 |
+---------+----------+
| ;       |       -1 |
+---------+----------+
| }       |       -1 |
+---------+----------+
| if      |       -1 |
+---------+----------+
| (       |       -1 |
+---------+----------+
| id      |        1 |
+---------+----------+
| >       |       -1 |
+---------+----------+
| id      |        3 |
+---------+----------+
| )       |       -1 |
+---------+----------+
| {       |       -1 |
+---------+----------+
| id      |        3 |
+---------+----------+
| =       |       -1 |
+---------+----------+
| id      |        1 |
+---------+----------+
| ;       |       -1 |
+---------+----------+
| }       |       -1 |
+---------+----------+
| if      |       -1 |
+---------+----------+
| (       |       -1 |
+---------+----------+
| id      |        2 |
+---------+----------+
| >       |       -1 |
+---------+----------+
| id      |        3 |
+---------+----------+
| )       |       -1 |
+---------+----------+
| {       |       -1 |
+---------+----------+
| id      |        3 |
+---------+----------+
| =       |       -1 |
+---------+----------+
| id      |        2 |
+---------+----------+
| ;       |       -1 |
+---------+----------+
| }       |       -1 |
+---------+----------+
| print   |       -1 |
+---------+----------+
| (       |       -1 |
+---------+----------+
| id      |        3 |
+---------+----------+
| )       |       -1 |
+---------+----------+
| ;       |       -1 |
+---------+----------+