Using 2 hash tables (one for the identifiers and one for the constants)

Identifier table: 

+--------------+----------+
| IDENTIFIER   |   ST_POS |
+==============+==========+
| n            |        0 |
+--------------+----------+
| s            |        1 |
+--------------+----------+
| i            |        2 |
+--------------+----------+
| a            |        3 |
+--------------+----------+

Constants table: 

+------------+----------+
|   CONSTANT |   ST_POS |
+============+==========+
|          0 |        0 |
+------------+----------+
|          1 |        1 |
+------------+----------+